2017-04-24 11:32:04,760 [INFO] from application in ForkJoinPool-1-worker-1 - Creating Pool for datasource 'default'
2017-04-24 11:32:04,818 [INFO] from play.api.db.DefaultDBApi in ForkJoinPool-1-worker-1 - Database [default] connected at jdbc:h2:file:./data/ProjectDB
2017-04-24 11:32:05,575 [INFO] from application in ForkJoinPool-1-worker-1 - ApplicationTimer demo: Starting application at 2017-04-24T10:32:05.574Z
2017-04-24 11:32:06,033 [INFO] from play.api.Play in ForkJoinPool-1-worker-1 - Application started (Dev)
2017-04-24 11:45:04,422 [INFO] from application in application-akka.actor.default-dispatcher-16 - ApplicationTimer demo: Stopping application at 2017-04-24T10:45:04.422Z after 779s.
2017-04-24 11:45:04,426 [INFO] from application in application-akka.actor.default-dispatcher-16 - Shutting down connection pool.
2017-04-24 11:45:04,634 [INFO] from application in application-akka.actor.default-dispatcher-16 - Creating Pool for datasource 'default'
2017-04-24 11:45:04,645 [INFO] from play.api.db.DefaultDBApi in application-akka.actor.default-dispatcher-16 - Database [default] connected at jdbc:h2:file:./data/ProjectDB
2017-04-24 11:45:04,709 [INFO] from application in application-akka.actor.default-dispatcher-16 - ApplicationTimer demo: Starting application at 2017-04-24T10:45:04.709Z
2017-04-24 11:45:04,842 [INFO] from play.api.Play in application-akka.actor.default-dispatcher-16 - Application started (Dev)
2017-04-24 11:46:15,197 [INFO] from application in application-akka.actor.default-dispatcher-9 - ApplicationTimer demo: Stopping application at 2017-04-24T10:46:15.197Z after 71s.
2017-04-24 11:46:15,199 [INFO] from application in application-akka.actor.default-dispatcher-9 - Shutting down connection pool.
2017-04-24 11:46:15,426 [INFO] from application in application-akka.actor.default-dispatcher-9 - Creating Pool for datasource 'default'
2017-04-24 11:46:15,433 [INFO] from play.api.db.DefaultDBApi in application-akka.actor.default-dispatcher-9 - Database [default] connected at jdbc:h2:file:./data/ProjectDB
2017-04-24 11:46:15,516 [INFO] from application in application-akka.actor.default-dispatcher-9 - ApplicationTimer demo: Starting application at 2017-04-24T10:46:15.516Z
2017-04-24 11:46:15,628 [INFO] from play.api.Play in application-akka.actor.default-dispatcher-9 - Application started (Dev)
2017-04-24 11:47:34,222 [INFO] from application in application-akka.actor.default-dispatcher-8 - ApplicationTimer demo: Stopping application at 2017-04-24T10:47:34.222Z after 79s.
2017-04-24 11:47:34,228 [INFO] from application in application-akka.actor.default-dispatcher-8 - Shutting down connection pool.
2017-04-24 11:47:34,442 [INFO] from application in application-akka.actor.default-dispatcher-8 - Creating Pool for datasource 'default'
2017-04-24 11:47:34,462 [INFO] from play.api.db.DefaultDBApi in application-akka.actor.default-dispatcher-8 - Database [default] connected at jdbc:h2:file:./data/ProjectDB
2017-04-24 11:47:34,549 [INFO] from application in application-akka.actor.default-dispatcher-8 - ApplicationTimer demo: Starting application at 2017-04-24T10:47:34.549Z
2017-04-24 11:47:34,684 [INFO] from play.api.Play in application-akka.actor.default-dispatcher-8 - Application started (Dev)
2017-04-24 11:58:43,416 [INFO] from application in application-akka.actor.default-dispatcher-35 - ApplicationTimer demo: Stopping application at 2017-04-24T10:58:43.416Z after 669s.
2017-04-24 11:58:43,417 [INFO] from application in application-akka.actor.default-dispatcher-35 - Shutting down connection pool.
2017-04-24 11:58:43,535 [INFO] from application in application-akka.actor.default-dispatcher-35 - Creating Pool for datasource 'default'
2017-04-24 11:58:43,554 [INFO] from play.api.db.DefaultDBApi in application-akka.actor.default-dispatcher-35 - Database [default] connected at jdbc:h2:file:./data/ProjectDB
2017-04-24 11:58:43,624 [INFO] from application in application-akka.actor.default-dispatcher-35 - ApplicationTimer demo: Starting application at 2017-04-24T10:58:43.624Z
2017-04-24 11:58:43,758 [INFO] from play.api.Play in application-akka.actor.default-dispatcher-35 - Application started (Dev)
2017-04-24 12:01:36,807 [INFO] from application in application-akka.actor.default-dispatcher-4 - ApplicationTimer demo: Stopping application at 2017-04-24T11:01:36.807Z after 173s.
2017-04-24 12:01:36,810 [INFO] from application in application-akka.actor.default-dispatcher-4 - Shutting down connection pool.
2017-04-24 12:01:36,964 [INFO] from application in application-akka.actor.default-dispatcher-4 - Creating Pool for datasource 'default'
2017-04-24 12:01:36,975 [INFO] from play.api.db.DefaultDBApi in application-akka.actor.default-dispatcher-4 - Database [default] connected at jdbc:h2:file:./data/ProjectDB
2017-04-24 12:01:37,044 [INFO] from application in application-akka.actor.default-dispatcher-4 - ApplicationTimer demo: Starting application at 2017-04-24T11:01:37.044Z
2017-04-24 12:01:37,160 [INFO] from play.api.Play in application-akka.actor.default-dispatcher-4 - Application started (Dev)
